<?xml version="1.0" encoding="UTF-8"?>
<testsuite xmlns:xsi="http://www.w3.org/2001/XMLSchema-instance" xsi:noNamespaceSchemaLocation="https://maven.apache.org/surefire/maven-surefire-plugin/xsd/surefire-test-report-3.0.xsd" version="3.0" name="DatabaseHelperL1Test" time="0.391" tests="10" errors="0" skipped="0" failures="0">
  <properties>
[...]
</properties>
  <testcase name="testGetUserNotFound" classname="DatabaseHelperL1Test" time="0.213"/>
  <testcase name="testCheckLogin_FailedLogin" classname="DatabaseHelperL1Test" time="0.019"/>
  <testcase name="testUserDataIntegrity" classname="DatabaseHelperL1Test" time="0.014"/>
  <testcase name="testGetAllUsers" classname="DatabaseHelperL1Test" time="0.038"/>
  <testcase name="testUpdateUser" classname="DatabaseHelperL1Test" time="0.016"/>
  <testcase name="testGetUser" classname="DatabaseHelperL1Test" time="0.009"/>
  <testcase name="testInsertUser" classname="DatabaseHelperL1Test" time="0.01"/>
  <testcase name="testCheckLogin_SuccessfulLogin" classname="DatabaseHelperL1Test" time="0.008"/>
  <testcase name="testDeleteUser" classname="DatabaseHelperL1Test" time="0.015"/>
  <testcase name="testMultipleOperationsSequence" classname="DatabaseHelperL1Test" time="0.027"/>
</testsuite>